<?xml version="1.0" encoding="UTF-8" ?>
<testsuite tests="15" failures="0" name="fi.muni.cz.contacts.test.ContactInformationImplTest" time="3.411" errors="0" skipped="0">
  <properties>
[...]
</properties>
  <testcase classname="fi.muni.cz.contacts.test.ContactInformationImplTest" name="addEmail" time="1.781"/>
  <testcase classname="fi.muni.cz.contacts.test.ContactInformationImplTest" name="addPhone" time="0.176"/>
  <testcase classname="fi.muni.cz.contacts.test.ContactInformationImplTest" name="addPhoneNull" time="0.126"/>
  <testcase classname="fi.muni.cz.contacts.test.ContactInformationImplTest" name="updatePerson" time="0.146"/>
  <testcase classname="fi.muni.cz.contacts.test.ContactInformationImplTest" name="removeEmailNotInCollection" time="0.125"/>
  <testcase classname="fi.muni.cz.contacts.test.ContactInformationImplTest" name="getPhonesEmpty" time="0.104"/>
  <testcase classname="fi.muni.cz.contacts.test.ContactInformationImplTest" name="removePhoneNotInCollection" time="0.125"/>
  <testcase classname="fi.muni.cz.contacts.test.ContactInformationImplTest" name="removeEmail" time="0.121"/>
  <testcase classname="fi.muni.cz.contacts.test.ContactInformationImplTest" name="removePhone" time="0.118"/>
  <testcase classname="fi.muni.cz.contacts.test.ContactInformationImplTest" name="removeEmailNull" time="0.085"/>
  <testcase classname="fi.muni.cz.contacts.test.ContactInformationImplTest" name="removePhoneNull" time="0.081"/>
  <testcase classname="fi.muni.cz.contacts.test.ContactInformationImplTest" name="updateAddressFirstTime" time="0.111"/>
  <testcase classname="fi.muni.cz.contacts.test.ContactInformationImplTest" name="updateAddress" time="0.123"/>
  <testcase classname="fi.muni.cz.contacts.test.ContactInformationImplTest" name="addEmailNull" time="0.079"/>
  <testcase classname="fi.muni.cz.contacts.test.ContactInformationImplTest" name="getEmailsEmpty" time="0.102"/>
</testsuite>